Info: Starting: Create block symbol file (.bsf)
Info: qsys-generate D:\intelFPGA_lite\18.1\BIG_BOMB\ADC.qsys --block-symbol-file --output-directory=D:\intelFPGA_lite\18.1\BIG_BOMB\ADC --family="MAX 10" --part=10M50DAF484C7G
Progress: Loading BIG_BOMB/ADC.qsys
Progress: Reading input file
Progress: Adding ADC [altera_modular_adc 18.1]
Progress: Parameterizing module ADC
Progress: Adding altpll_0 [altpll 18.1]
Progress: Parameterizing module altpll_0
Progress: Adding avalon [altera_jtag_avalon_master 18.1]
Progress: Parameterizing module avalon
Progress: Adding clk_0 [clock_source 18.1]
Progress: Parameterizing module clk_0
Progress: Building connections
Progress: Parameterizing connections
Progress: Validating
Progress: Done reading input file
Info: ADC.ADC.control_internal.response/st_splitter_internal.in: The sink has a empty signal of 1 bits, but the source does not. Avalon-ST Adapter will be inserted.
Info: ADC.ADC.st_splitter_internal.out0/sample_store_internal.response: The source has a empty signal of 1 bits, but the sink does not. Avalon-ST Adapter will be inserted.
Info: ADC.ADC.st_splitter_internal.out1/adc_monitor_internal.adc_data: The source has a empty signal of 1 bits, but the sink does not. Avalon-ST Adapter will be inserted.
Warning: ADC.altpll_0: altpll_0.areset_conduit must be exported, or connected to a matching conduit.
Warning: ADC.ADC: Interrupt sender ADC.sample_store_irq is not connected to an interrupt receiver
Warning: ADC.altpll_0: altpll_0.pll_slave must be connected to an Avalon-MM master
Info: qsys-generate succeeded.
Info: Finished: Create block symbol file (.bsf)
Info: 
Info: Starting: Create HDL design files for synthesis
Info: qsys-generate D:\intelFPGA_lite\18.1\BIG_BOMB\ADC.qsys --synthesis=VERILOG --output-directory=D:\intelFPGA_lite\18.1\BIG_BOMB\ADC\synthesis --family="MAX 10" --part=10M50DAF484C7G
Progress: Loading BIG_BOMB/ADC.qsys
Progress: Reading input file
Progress: Adding ADC [altera_modular_adc 18.1]
Progress: Parameterizing module ADC
Progress: Adding altpll_0 [altpll 18.1]
Progress: Parameterizing module altpll_0
Progress: Adding avalon [altera_jtag_avalon_master 18.1]
Progress: Parameterizing module avalon
Progress: Adding clk_0 [clock_source 18.1]
Progress: Parameterizing module clk_0
Progress: Building connections
Progress: Parameterizing connections
Progress: Validating
Progress: Done reading input file
Info: ADC.ADC.control_internal.response/st_splitter_internal.in: The sink has a empty signal of 1 bits, but the source does not. Avalon-ST Adapter will be inserted.
Info: ADC.ADC.st_splitter_internal.out0/sample_store_internal.response: The source has a empty signal of 1 bits, but the sink does not. Avalon-ST Adapter will be inserted.
Info: ADC.ADC.st_splitter_internal.out1/adc_monitor_internal.adc_data: The source has a empty signal of 1 bits, but the sink does not. Avalon-ST Adapter will be inserted.
Warning: ADC.altpll_0: altpll_0.areset_conduit must be exported, or connected to a matching conduit.
Warning: ADC.ADC: Interrupt sender ADC.sample_store_irq is not connected to an interrupt receiver
Warning: ADC.altpll_0: altpll_0.pll_slave must be connected to an Avalon-MM master
Info: ADC: Generating ADC "ADC" for QUARTUS_SYNTH
Info: avalon_st_adapter: Inserting data_format_adapter: data_format_adapter_0
Info: avalon_st_adapter: Inserting timing_adapter: timing_adapter_0
Info: avalon_st_adapter: Inserting timing_adapter: timing_adapter_1
Info: avalon_st_adapter_001: Inserting data_format_adapter: data_format_adapter_0
Info: avalon_st_adapter_001: Inserting timing_adapter: timing_adapter_0
Info: avalon_st_adapter_001: Inserting timing_adapter: timing_adapter_1
Info: avalon_st_adapter_002: Inserting data_format_adapter: data_format_adapter_0
Info: avalon_st_adapter_002: Inserting timing_adapter: timing_adapter_0
Info: avalon_st_adapter_002: Inserting timing_adapter: timing_adapter_1
Info: ADC: "ADC" instantiated altera_modular_adc "ADC"
Info: altpll_0: "ADC" instantiated altpll "altpll_0"
Info: avalon: "ADC" instantiated altera_jtag_avalon_master "avalon"
Info: avalon_st_adapter: Inserting error_adapter: error_adapter_0
Info: avalon_st_adapter_001: Inserting error_adapter: error_adapter_0
Info: mm_interconnect_0: "ADC" instantiated altera_mm_interconnect "mm_interconnect_0"
Info: rst_controller: "ADC" instantiated altera_reset_controller "rst_controller"
Info: control_internal: "ADC" instantiated altera_modular_adc_control "control_internal"
Info: adc_monitor_internal: "ADC" instantiated altera_trace_adc_monitor "adc_monitor_internal"
Info: sequencer_internal: "ADC" instantiated altera_modular_adc_sequencer "sequencer_internal"
Info: sample_store_internal: "ADC" instantiated altera_modular_adc_sample_store "sample_store_internal"
Info: st_splitter_internal: "ADC" instantiated altera_avalon_st_splitter "st_splitter_internal"
Info: avalon_st_adapter: "ADC" instantiated altera_avalon_st_adapter "avalon_st_adapter"
Info: avalon_st_adapter_001: "ADC" instantiated altera_avalon_st_adapter "avalon_st_adapter_001"
Info: jtag_phy_embedded_in_jtag_master: "avalon" instantiated altera_jtag_dc_streaming "jtag_phy_embedded_in_jtag_master"
Info: timing_adt: "avalon" instantiated timing_adapter "timing_adt"
Info: fifo: "avalon" instantiated altera_avalon_sc_fifo "fifo"
Info: b2p: "avalon" instantiated altera_avalon_st_bytes_to_packets "b2p"
Info: p2b: "avalon" instantiated altera_avalon_st_packets_to_bytes "p2b"
Info: transacto: "avalon" instantiated altera_avalon_packets_to_master "transacto"
Info: b2p_adapter: "avalon" instantiated channel_adapter "b2p_adapter"
Info: p2b_adapter: "avalon" instantiated channel_adapter "p2b_adapter"
Info: avalon_master_translator: "mm_interconnect_0" instantiated altera_merlin_master_translator "avalon_master_translator"
Info: ADC_sample_store_csr_translator: "mm_interconnect_0" instantiated altera_merlin_slave_translator "ADC_sample_store_csr_translator"
Info: avalon_master_agent: "mm_interconnect_0" instantiated altera_merlin_master_agent "avalon_master_agent"
Info: ADC_sample_store_csr_agent: "mm_interconnect_0" instantiated altera_merlin_slave_agent "ADC_sample_store_csr_agent"
Info: router: "mm_interconnect_0" instantiated altera_merlin_router "router"
Info: router_001: "mm_interconnect_0" instantiated altera_merlin_router "router_001"
Info: avalon_master_limiter: "mm_interconnect_0" instantiated altera_merlin_traffic_limiter "avalon_master_limiter"
Info: Reusing file D:/intelFPGA_lite/18.1/BIG_BOMB/ADC/synthesis/submodules/altera_avalon_sc_fifo.v
Info: Reusing file D:/intelFPGA_lite/18.1/BIG_BOMB/ADC/synthesis/submodules/altera_avalon_st_pipeline_base.v
Info: cmd_demux: "mm_interconnect_0" instantiated altera_merlin_demultiplexer "cmd_demux"
Info: cmd_mux: "mm_interconnect_0" instantiated altera_merlin_multiplexer "cmd_mux"
Info: rsp_demux: "mm_interconnect_0" instantiated altera_merlin_demultiplexer "rsp_demux"
Info: rsp_mux: "mm_interconnect_0" instantiated altera_merlin_multiplexer "rsp_mux"
Info: Reusing file D:/intelFPGA_lite/18.1/BIG_BOMB/ADC/synthesis/submodules/altera_merlin_arbitrator.sv
Info: avalon_st_adapter: "mm_interconnect_0" instantiated altera_avalon_st_adapter "avalon_st_adapter"
Info: altera_trace_adc_monitor_wa_inst: "Generating: altera_trace_adc_monitor_wa_inst"
Info: core: "adc_monitor_internal" instantiated altera_trace_adc_monitor_core "core"
Info: trace_endpoint: "adc_monitor_internal" instantiated altera_trace_monitor_endpoint "trace_endpoint"
Info: data_format_adapter_0: "avalon_st_adapter" instantiated data_format_adapter "data_format_adapter_0"
Info: timing_adapter_0: "avalon_st_adapter" instantiated timing_adapter "timing_adapter_0"
Info: timing_adapter_1: "avalon_st_adapter" instantiated timing_adapter "timing_adapter_1"
Info: data_format_adapter_0: "avalon_st_adapter_001" instantiated data_format_adapter "data_format_adapter_0"
Info: timing_adapter_0: "avalon_st_adapter_001" instantiated timing_adapter "timing_adapter_0"
Info: timing_adapter_1: "avalon_st_adapter_001" instantiated timing_adapter "timing_adapter_1"
Info: error_adapter_0: "avalon_st_adapter" instantiated error_adapter "error_adapter_0"
Info: altera_trace_adc_monitor_wa_inst: "core" instantiated altera_trace_adc_monitor_core "altera_trace_adc_monitor_wa_inst"
Info: altera_trace_adc_monitor_wa_inst: "altera_trace_adc_monitor_wa_inst" instantiated altera_trace_adc_monitor_wa "altera_trace_adc_monitor_wa_inst"
Info: ADC: Done "ADC" with 44 modules, 68 files
Info: qsys-generate succeeded.
Info: Finished: Create HDL design files for synthesis
